2024-04-07 09:18:06.202 [main] INFO  com.internetBankingAppAutomation.testCases.baseClass - URL is opened
2024-04-07 09:30:44.789 [main] INFO  com.internetBankingAppAutomation.testCases.baseClass - URL is opened
2024-04-07 09:30:44.792 [main] WARN  com.internetBankingAppAutomation.testCases.baseClass - URL is opened
2024-04-07 09:30:44.792 [main] ERROR com.internetBankingAppAutomation.testCases.baseClass - URL is opened
2024-04-07 09:30:44.792 [main] DEBUG com.internetBankingAppAutomation.testCases.baseClass - URL is opened
2024-04-11 08:17:43.187 [main] INFO  com.internetBankingAppAutomation.testCases.baseClass - URL is opened
2024-04-11 08:17:43.189 [main] WARN  com.internetBankingAppAutomation.testCases.baseClass - URL is opened
2024-04-11 08:17:43.189 [main] ERROR com.internetBankingAppAutomation.testCases.baseClass - URL is opened
2024-04-11 08:17:43.189 [main] DEBUG com.internetBankingAppAutomation.testCases.baseClass - URL is opened
2024-04-11 09:43:42.128 [main] INFO  com.internetBankingAppAutomation.testCases.baseClass - URL is opened
2024-04-11 09:43:42.130 [main] WARN  com.internetBankingAppAutomation.testCases.baseClass - URL is opened
2024-04-11 09:43:42.130 [main] ERROR com.internetBankingAppAutomation.testCases.baseClass - URL is opened
2024-04-11 09:43:42.130 [main] DEBUG com.internetBankingAppAutomation.testCases.baseClass - URL is opened
2024-04-11 09:45:46.451 [main] INFO  com.internetBankingAppAutomation.testCases.baseClass - URL is opened
2024-04-11 09:45:46.456 [main] WARN  com.internetBankingAppAutomation.testCases.baseClass - URL is opened
2024-04-11 09:45:46.456 [main] ERROR com.internetBankingAppAutomation.testCases.baseClass - URL is opened
2024-04-11 09:45:46.456 [main] DEBUG com.internetBankingAppAutomation.testCases.baseClass - URL is opened
2024-04-11 18:20:45.701 [main] INFO  com.internetBankingAppAutomation.testCases.baseClass - URL is opened
2024-04-11 18:20:45.704 [main] WARN  com.internetBankingAppAutomation.testCases.baseClass - URL is opened
2024-04-11 18:20:45.704 [main] ERROR com.internetBankingAppAutomation.testCases.baseClass - URL is opened
2024-04-11 18:20:45.704 [main] DEBUG com.internetBankingAppAutomation.testCases.baseClass - URL is opened
2024-04-11 18:35:04.835 [main] INFO  com.internetBankingAppAutomation.testCases.baseClass - URL is opened
2024-04-11 18:35:04.837 [main] WARN  com.internetBankingAppAutomation.testCases.baseClass - URL is opened
2024-04-11 18:35:04.837 [main] ERROR com.internetBankingAppAutomation.testCases.baseClass - URL is opened
2024-04-11 18:35:04.837 [main] DEBUG com.internetBankingAppAutomation.testCases.baseClass - URL is opened
2024-04-11 18:37:26.407 [main] INFO  com.internetBankingAppAutomation.testCases.baseClass - URL is opened
2024-04-11 18:37:26.409 [main] WARN  com.internetBankingAppAutomation.testCases.baseClass - URL is opened
2024-04-11 18:37:26.409 [main] ERROR com.internetBankingAppAutomation.testCases.baseClass - URL is opened
2024-04-11 18:37:26.409 [main] DEBUG com.internetBankingAppAutomation.testCases.baseClass - URL is opened
2024-04-11 18:40:12.979 [main] INFO  com.internetBankingAppAutomation.testCases.baseClass - URL is opened
2024-04-11 18:40:12.981 [main] WARN  com.internetBankingAppAutomation.testCases.baseClass - URL is opened
2024-04-11 18:40:12.981 [main] ERROR com.internetBankingAppAutomation.testCases.baseClass - URL is opened
2024-04-11 18:40:12.981 [main] DEBUG com.internetBankingAppAutomation.testCases.baseClass - URL is opened
2024-04-11 18:40:57.389 [main] INFO  com.internetBankingAppAutomation.testCases.baseClass - URL is opened
2024-04-11 18:40:57.392 [main] WARN  com.internetBankingAppAutomation.testCases.baseClass - URL is opened
2024-04-11 18:40:57.392 [main] ERROR com.internetBankingAppAutomation.testCases.baseClass - URL is opened
2024-04-11 18:40:57.392 [main] DEBUG com.internetBankingAppAutomation.testCases.baseClass - URL is opened
2024-04-11 18:41:56.875 [main] INFO  com.internetBankingAppAutomation.testCases.baseClass - URL is opened
2024-04-11 18:41:56.877 [main] WARN  com.internetBankingAppAutomation.testCases.baseClass - URL is opened
2024-04-11 18:41:56.877 [main] ERROR com.internetBankingAppAutomation.testCases.baseClass - URL is opened
2024-04-11 18:41:56.877 [main] DEBUG com.internetBankingAppAutomation.testCases.baseClass - URL is opened
2024-04-11 18:46:47.485 [main] INFO  com.internetBankingAppAutomation.testCases.baseClass - URL is opened
2024-04-11 18:46:47.487 [main] WARN  com.internetBankingAppAutomation.testCases.baseClass - URL is opened
2024-04-11 18:46:47.487 [main] ERROR com.internetBankingAppAutomation.testCases.baseClass - URL is opened
2024-04-11 18:46:47.487 [main] DEBUG com.internetBankingAppAutomation.testCases.baseClass - URL is opened
2024-04-11 21:19:35.282 [main] INFO  com.internetBankingAppAutomation.testCases.baseClass - URL is opened
2024-04-11 21:19:35.285 [main] WARN  com.internetBankingAppAutomation.testCases.baseClass - URL is opened
2024-04-11 21:19:35.285 [main] ERROR com.internetBankingAppAutomation.testCases.baseClass - URL is opened
2024-04-11 21:19:35.285 [main] DEBUG com.internetBankingAppAutomation.testCases.baseClass - URL is opened
2024-04-12 08:14:42.125 [main] INFO  com.internetBankingAppAutomation.testCases.baseClass - URL is opened
2024-04-12 08:14:42.128 [main] WARN  com.internetBankingAppAutomation.testCases.baseClass - URL is opened
2024-04-12 08:14:42.128 [main] ERROR com.internetBankingAppAutomation.testCases.baseClass - URL is opened
2024-04-12 08:14:42.128 [main] DEBUG com.internetBankingAppAutomation.testCases.baseClass - URL is opened
2024-04-12 08:21:28.495 [main] INFO  com.internetBankingAppAutomation.testCases.baseClass - URL is opened
2024-04-12 08:21:28.497 [main] WARN  com.internetBankingAppAutomation.testCases.baseClass - URL is opened
2024-04-12 08:21:28.497 [main] ERROR com.internetBankingAppAutomation.testCases.baseClass - URL is opened
2024-04-12 08:21:28.497 [main] DEBUG com.internetBankingAppAutomation.testCases.baseClass - URL is opened
2024-04-12 08:25:49.495 [main] INFO  com.internetBankingAppAutomation.testCases.baseClass - URL is opened
2024-04-12 08:25:49.498 [main] WARN  com.internetBankingAppAutomation.testCases.baseClass - URL is opened
2024-04-12 08:25:49.498 [main] ERROR com.internetBankingAppAutomation.testCases.baseClass - URL is opened
2024-04-12 08:25:49.498 [main] DEBUG com.internetBankingAppAutomation.testCases.baseClass - URL is opened
2024-04-13 11:34:41.739 [main] INFO  com.internetBankingAppAutomation.testCases.baseClass - URL is opened
2024-04-13 11:34:41.741 [main] WARN  com.internetBankingAppAutomation.testCases.baseClass - URL is opened
2024-04-13 11:34:41.741 [main] ERROR com.internetBankingAppAutomation.testCases.baseClass - URL is opened
2024-04-13 11:34:41.741 [main] DEBUG com.internetBankingAppAutomation.testCases.baseClass - URL is opened
2024-04-13 11:35:59.631 [main] INFO  com.internetBankingAppAutomation.testCases.baseClass - URL is opened
2024-04-13 11:35:59.633 [main] WARN  com.internetBankingAppAutomation.testCases.baseClass - URL is opened
2024-04-13 11:35:59.633 [main] ERROR com.internetBankingAppAutomation.testCases.baseClass - URL is opened
2024-04-13 11:35:59.633 [main] DEBUG com.internetBankingAppAutomation.testCases.baseClass - URL is opened
2024-04-13 11:36:42.252 [main] INFO  com.internetBankingAppAutomation.testCases.baseClass - URL is opened
2024-04-13 11:36:42.255 [main] WARN  com.internetBankingAppAutomation.testCases.baseClass - URL is opened
2024-04-13 11:36:42.255 [main] ERROR com.internetBankingAppAutomation.testCases.baseClass - URL is opened
2024-04-13 11:36:42.255 [main] DEBUG com.internetBankingAppAutomation.testCases.baseClass - URL is opened
2024-04-13 11:38:44.115 [main] INFO  com.internetBankingAppAutomation.testCases.baseClass - URL is opened
2024-04-13 11:38:44.117 [main] WARN  com.internetBankingAppAutomation.testCases.baseClass - URL is opened
2024-04-13 11:38:44.117 [main] ERROR com.internetBankingAppAutomation.testCases.baseClass - URL is opened
2024-04-13 11:38:44.118 [main] DEBUG com.internetBankingAppAutomation.testCases.baseClass - URL is opened
2024-04-13 11:44:22.743 [main] INFO  com.internetBankingAppAutomation.testCases.baseClass - URL is opened
2024-04-13 11:44:22.745 [main] WARN  com.internetBankingAppAutomation.testCases.baseClass - URL is opened
2024-04-13 11:44:22.746 [main] ERROR com.internetBankingAppAutomation.testCases.baseClass - URL is opened
2024-04-13 11:44:22.746 [main] DEBUG com.internetBankingAppAutomation.testCases.baseClass - URL is opened
2024-04-15 23:37:23.283 [main] DEBUG org.apache.poi.openxml4j.opc.PackageRelationshipCollection - Parsing relationship: /xl/_rels/workbook.xml.rels
2024-04-15 23:37:23.289 [main] DEBUG org.apache.poi.openxml4j.opc.PackageRelationshipCollection - Parsing relationship: /_rels/.rels
2024-04-15 23:38:09.058 [main] DEBUG org.apache.poi.openxml4j.opc.PackageRelationshipCollection - Parsing relationship: /xl/_rels/workbook.xml.rels
2024-04-15 23:38:09.066 [main] DEBUG org.apache.poi.openxml4j.opc.PackageRelationshipCollection - Parsing relationship: /_rels/.rels
2024-04-15 23:39:33.898 [main] DEBUG org.apache.poi.openxml4j.opc.PackageRelationshipCollection - Parsing relationship: /xl/_rels/workbook.xml.rels
2024-04-15 23:39:33.903 [main] DEBUG org.apache.poi.openxml4j.opc.PackageRelationshipCollection - Parsing relationship: /_rels/.rels
2024-04-15 23:45:29.672 [main] DEBUG org.apache.poi.openxml4j.opc.PackageRelationshipCollection - Parsing relationship: /xl/_rels/workbook.xml.rels
2024-04-15 23:45:29.680 [main] DEBUG org.apache.poi.openxml4j.opc.PackageRelationshipCollection - Parsing relationship: /_rels/.rels
2024-04-25 08:05:01.817 [main] INFO  com.internetBankingAppAutomation.testCases.baseClass - URL is opened
2024-04-25 08:05:01.819 [main] WARN  com.internetBankingAppAutomation.testCases.baseClass - URL is opened
2024-04-25 08:05:01.820 [main] ERROR com.internetBankingAppAutomation.testCases.baseClass - URL is opened
2024-04-25 08:05:01.820 [main] DEBUG com.internetBankingAppAutomation.testCases.baseClass - URL is opened
2024-05-05 11:12:57.663 [main] INFO  com.internetBankingAppAutomation.testCases.baseClass - URL is opened
2024-05-05 11:12:57.665 [main] WARN  com.internetBankingAppAutomation.testCases.baseClass - URL is opened
2024-05-05 11:12:57.665 [main] ERROR com.internetBankingAppAutomation.testCases.baseClass - URL is opened
2024-05-05 11:12:57.665 [main] DEBUG com.internetBankingAppAutomation.testCases.baseClass - URL is opened
2024-05-05 11:15:00.466 [main] INFO  com.internetBankingAppAutomation.testCases.baseClass - URL is opened
2024-05-05 11:15:00.468 [main] WARN  com.internetBankingAppAutomation.testCases.baseClass - URL is opened
2024-05-05 11:15:00.468 [main] ERROR com.internetBankingAppAutomation.testCases.baseClass - URL is opened
2024-05-05 11:15:00.468 [main] DEBUG com.internetBankingAppAutomation.testCases.baseClass - URL is opened
2024-05-05 11:16:17.556 [main] INFO  com.internetBankingAppAutomation.testCases.baseClass - URL is opened
2024-05-05 11:16:17.558 [main] WARN  com.internetBankingAppAutomation.testCases.baseClass - URL is opened
2024-05-05 11:16:17.558 [main] ERROR com.internetBankingAppAutomation.testCases.baseClass - URL is opened
2024-05-05 11:16:17.558 [main] DEBUG com.internetBankingAppAutomation.testCases.baseClass - URL is opened
